0.000000,114
0.004000,113
0.005000,112
0.006000,111
0.006000,110
0.007000,109
0.007000,108
0.008000,107
0.009000,106
0.010000,105
0.011000,104
0.013000,103
0.014000,102
0.015000,101
0.016000,100
0.017000,99
0.018000,98
0.026000,97
0.035000,114
0.036000,113
0.036000,112
0.036000,111
0.036000,110
0.037000,109
0.037000,108
0.037000,107
0.037000,106
0.038000,105
0.038000,104
0.038000,103
0.038000,102
0.038000,101
0.039000,100
0.039000,99
0.040000,98
0.043000,114
0.044000,113
0.044000,112
0.044000,111
0.044000,110
0.044000,109
0.044000,108
0.044000,107
0.044000,106
0.045000,105
0.045000,104
0.045000,103
0.045000,102
0.045000,101
0.045000,100
0.046000,99
0.046000,98
0.046000,97
0.048000,114
0.048000,113
0.048000,112
0.049000,111
0.049000,110
0.049000,109
0.049000,108
0.049000,107
0.049000,106
0.049000,105
0.049000,104
0.049000,103
0.050000,102
0.050000,101
0.050000,100
0.050000,99
0.050000,98
0.052000,114
0.053000,113
0.053000,112
0.053000,111
0.053000,110
0.053000,109
0.053000,108
0.053000,107
0.053000,106
0.054000,105
0.054000,104
0.054000,103
0.054000,102
0.054000,101
0.054000,100
0.055000,99
0.055000,98
0.055000,97
0.055000,96
0.058000,114
0.058000,113
0.058000,112
0.058000,111
0.058000,110
0.058000,109
0.058000,108
0.058000,107
0.059000,106
0.059000,105
0.059000,104
0.059000,103
0.059000,102
0.059000,101
0.059000,100
0.060000,99
0.060000,98
0.062000,114
0.062000,113
0.062000,112
0.063000,111
0.063000,110
0.063000,109
0.063000,108
0.063000,107
0.063000,106
0.063000,105
0.063000,104
0.063000,103
0.064000,102
0.064000,101
0.064000,100
0.064000,99
0.064000,98
0.065000,97
0.067000,114
0.067000,113
0.067000,112
0.067000,111
0.067000,110
0.067000,109
0.068000,108
0.068000,107
0.068000,106
0.068000,105
0.068000,104
0.068000,103
0.068000,102
0.069000,101
0.069000,100
0.069000,99
0.069000,98
0.072000,114
0.072000,113
0.072000,112
0.072000,111
0.072000,110
0.073000,109
0.073000,108
0.073000,107
0.073000,106
0.073000,105
0.073000,104
0.073000,103
0.073000,102
0.074000,101
0.074000,100
0.076000,114
0.076000,113
0.076000,112
0.076000,111
0.076000,110
0.077000,109
0.077000,108
0.077000,107
0.077000,106
0.077000,105
0.077000,104
0.077000,103
0.077000,102
0.078000,101
0.078000,100
0.078000,99
0.078000,98
0.078000,97
0.079000,96
